The system is: Linux - 3.10.0-957.27.2.el7.x86_64 - x86_64
Compiling the CXX compiler identification source file "CMakeCXXCompilerId.cpp" succeeded.
Compiler: /usr/local/bin/c++ 
Build flags: 
Id flags:  

The output was:
0


Compilation of the CXX compiler identification source "CMakeCXXCompilerId.cpp" produced "a.out"

The CXX compiler identification is GNU, found in "/home/zhangfq/Method-II/HydrogenOrbitalViewer/colorPicker/Qt-Color-Widgets/color_widgets_designer_plugin/CMakeFiles/3.14.0/CompilerIdCXX/a.out"

Determining if the CXX compiler works passed with the following output:
Change Dir: /home/zhangfq/Method-II/HydrogenOrbitalViewer/colorPicker/Qt-Color-Widgets/color_widgets_designer_plugin/CMakeFiles/CMakeTmp

Run Build Command(s):/usr/bin/gmake cmTC_adee0/fast 
/usr/bin/gmake -f CMakeFiles/cmTC_adee0.dir/build.make CMakeFiles/cmTC_adee0.dir/build
gmake[1]: Entering directory `/home/zhangfq/Method-II/HydrogenOrbitalViewer/colorPicker/Qt-Color-Widgets/color_widgets_designer_plugin/CMakeFiles/CMakeTmp'
Building CXX object CMakeFiles/cmTC_adee0.dir/testCXXCompiler.cxx.o
/usr/local/bin/c++     -o CMakeFiles/cmTC_adee0.dir/testCXXCompiler.cxx.o -c /home/zhangfq/Method-II/HydrogenOrbitalViewer/colorPicker/Qt-Color-Widgets/color_widgets_designer_plugin/CMakeFiles/CMakeTmp/testCXXCompiler.cxx
Linking CXX executable cmTC_adee0
/usr/local/bin/cmake -E cmake_link_script CMakeFiles/cmTC_adee0.dir/link.txt --verbose=1
/usr/local/bin/c++       -rdynamic CMakeFiles/cmTC_adee0.dir/testCXXCompiler.cxx.o  -o cmTC_adee0 
gmake[1]: Leaving directory `/home/zhangfq/Method-II/HydrogenOrbitalViewer/colorPicker/Qt-Color-Widgets/color_widgets_designer_plugin/CMakeFiles/CMakeTmp'


Detecting CXX compiler ABI info compiled with the following output:
Change Dir: /home/zhangfq/Method-II/HydrogenOrbitalViewer/colorPicker/Qt-Color-Widgets/color_widgets_designer_plugin/CMakeFiles/CMakeTmp

Run Build Command(s):/usr/bin/gmake cmTC_2e637/fast 
/usr/bin/gmake -f CMakeFiles/cmTC_2e637.dir/build.make CMakeFiles/cmTC_2e637.dir/build
gmake[1]: Entering directory `/home/zhangfq/Method-II/HydrogenOrbitalViewer/colorPicker/Qt-Color-Widgets/color_widgets_designer_plugin/CMakeFiles/CMakeTmp'
Building CXX object CMakeFiles/cmTC_2e637.dir/CMakeCXXCompilerABI.cpp.o
/usr/local/bin/c++    -v -o CMakeFiles/cmTC_2e637.dir/CMakeCXXCompilerABI.cpp.o -c /usr/local/share/cmake-3.14/Modules/CMakeCXXCompilerABI.cpp
Using built-in specs.
COLLECT_GCC=/usr/local/bin/c++
Target: x86_64-pc-linux-gnu
Configured with: ../configure -enable-checking=release -enable-languages=c,c++ -disable-multilib
Thread model: posix
gcc version 9.1.0 (GCC) 
COLLECT_GCC_OPTIONS='-v' '-o' 'CMakeFiles/cmTC_2e637.dir/CMakeCXXCompilerABI.cpp.o' '-c' '-shared-libgcc' '-mtune=generic' '-march=x86-64'
 /usr/local/libexec/gcc/x86_64-pc-linux-gnu/9.1.0/cc1plus -quiet -v -D_GNU_SOURCE /usr/local/share/cmake-3.14/Modules/CMakeCXXCompilerABI.cpp -quiet -dumpbase CMakeCXXCompilerABI.cpp -mtune=generic -march=x86-64 -auxbase-strip CMakeFiles/cmTC_2e637.dir/CMakeCXXCompilerABI.cpp.o -version -o /tmp/ccfRemAi.s
GNU C++14 (GCC) version 9.1.0 (x86_64-pc-linux-gnu)
	compiled by GNU C version 9.1.0, GMP version 6.0.0, MPFR version 3.1.1, MPC version 1.0.1, isl version none
GGC heuristics: --param ggc-min-expand=100 --param ggc-min-heapsize=131072
ignoring nonexistent directory "/usr/local/lib/gcc/x86_64-pc-linux-gnu/9.1.0/../../../../x86_64-pc-linux-gnu/include"
ignoring duplicate directory "/opt/intel/compilers_and_libraries_2019.0.117/linux/tbb/include"
ignoring duplicate directory "/opt/intel/compilers_and_libraries_2019.0.117/linux/ipp/include"
ignoring duplicate directory "/opt/intel/compilers_and_libraries_2019.0.117/linux/mkl/include"
ignoring duplicate directory "/opt/intel/compilers_and_libraries_2019.0.117/linux/pstl/include"
ignoring duplicate directory "/opt/intel/compilers_and_libraries_2019.0.117/linux/tbb/include"
ignoring duplicate directory "/opt/intel/compilers_and_libraries_2019.0.117/linux/tbb/include"
ignoring duplicate directory "/opt/intel/compilers_and_libraries_2019.0.117/linux/daal/include"
ignoring duplicate directory "/opt/intel/compilers_and_libraries_2019.0.117/linux/mkl/include"
ignoring duplicate directory "/opt/intel/compilers_and_libraries_2019.0.117/linux/mkl/include"
ignoring duplicate directory "/opt/intel/compilers_and_libraries_2019.0.117/linux/ipp/include"
ignoring duplicate directory "/opt/intel/compilers_and_libraries_2019.0.117/linux/mkl/include"
ignoring duplicate directory "/opt/intel/compilers_and_libraries_2019.0.117/linux/pstl/include"
ignoring duplicate directory "/opt/intel/compilers_and_libraries_2019.0.117/linux/tbb/include"
ignoring duplicate directory "/opt/intel/compilers_and_libraries_2019.0.117/linux/tbb/include"
ignoring duplicate directory "/opt/intel/compilers_and_libraries_2019.0.117/linux/daal/include"
#include "..." search starts here:
#include <...> search starts here:
 /opt/intel/compilers_and_libraries_2019.0.117/linux/ipp/include
 /opt/intel/compilers_and_libraries_2019.0.117/linux/mkl/include
 /opt/intel/compilers_and_libraries_2019.0.117/linux/pstl/include
 /opt/intel/compilers_and_libraries_2019.0.117/linux/tbb/include
 /opt/intel/compilers_and_libraries_2019.0.117/linux/daal/include
 /opt/intel/clck/2019.0/include
 /usr/local/lib/gcc/x86_64-pc-linux-gnu/9.1.0/../../../../include/c++/9.1.0
 /usr/local/lib/gcc/x86_64-pc-linux-gnu/9.1.0/../../../../include/c++/9.1.0/x86_64-pc-linux-gnu
 /usr/local/lib/gcc/x86_64-pc-linux-gnu/9.1.0/../../../../include/c++/9.1.0/backward
 /usr/local/lib/gcc/x86_64-pc-linux-gnu/9.1.0/include
 /usr/local/include
 /usr/local/lib/gcc/x86_64-pc-linux-gnu/9.1.0/include-fixed
 /usr/include
End of search list.
GNU C++14 (GCC) version 9.1.0 (x86_64-pc-linux-gnu)
	compiled by GNU C version 9.1.0, GMP version 6.0.0, MPFR version 3.1.1, MPC version 1.0.1, isl version none
GGC heuristics: --param ggc-min-expand=100 --param ggc-min-heapsize=131072
Compiler executable checksum: ecf5d89de9efb460a639e774768c1c17
COLLECT_GCC_OPTIONS='-v' '-o' 'CMakeFiles/cmTC_2e637.dir/CMakeCXXCompilerABI.cpp.o' '-c' '-shared-libgcc' '-mtune=generic' '-march=x86-64'
 as -v --64 -o CMakeFiles/cmTC_2e637.dir/CMakeCXXCompilerABI.cpp.o /tmp/ccfRemAi.s
GNU assembler version 2.27 (x86_64-redhat-linux) using BFD version version 2.27-34.base.el7
COMPILER_PATH=/usr/local/libexec/gcc/x86_64-pc-linux-gnu/9.1.0/:/usr/local/libexec/gcc/x86_64-pc-linux-gnu/9.1.0/:/usr/local/libexec/gcc/x86_64-pc-linux-gnu/:/usr/local/lib/gcc/x86_64-pc-linux-gnu/9.1.0/:/usr/local/lib/gcc/x86_64-pc-linux-gnu/
LIBRARY_PATH=/usr/local/lib/gcc/x86_64-pc-linux-gnu/9.1.0/:/usr/local/lib/gcc/x86_64-pc-linux-gnu/9.1.0/../../../../lib64/:/lib/../lib64/:/usr/lib/../lib64/:/opt/intel/clck/2019.0/lib/intel64/:/opt/intel/compilers_and_libraries_2019.0.117/linux/ipp/lib/intel64/:/opt/intel/compilers_and_libraries_2019.0.117/linux/compiler/lib/intel64_lin/:/opt/intel/compilers_and_libraries_2019.0.117/linux/mkl/lib/intel64_lin/:/opt/intel/compilers_and_libraries_2019.0.117/linux/tbb/lib/intel64/gcc4.7/:/opt/intel/compilers_and_libraries_2019.0.117/linux/tbb/lib/intel64/gcc4.7/:/opt/intel/compilers_and_libraries_2019.0.117/linux/daal/lib/intel64_lin/:/opt/intel/compilers_and_libraries_2019.0.117/linux/ipp/lib/intel64/:/opt/intel/compilers_and_libraries_2019.0.117/linux/compiler/lib/intel64_lin/:/opt/intel/compilers_and_libraries_2019.0.117/linux/mkl/lib/intel64_lin/:/opt/intel/compilers_and_libraries_2019.0.117/linux/tbb/lib/intel64/gcc4.7/:/opt/intel/compilers_and_libraries_2019.0.117/linux/tbb/lib/intel64/gcc4.7/:/opt/intel/compilers_and_libraries_2019.0.117/linux/daal/lib/intel64_lin/:/opt/intel/compilers_and_libraries_2019.0.117/linux/compiler/lib/intel64_lin/:/opt/intel/compilers_and_libraries_2019.0.117/linux/mkl/lib/intel64_lin/:/opt/intel/compilers_and_libraries_2019.0.117/linux/compiler/lib/intel64_lin/:/opt/intel/compilers_and_libraries_2019.0.117/linux/mkl/lib/intel64_lin/:/opt/intel/compilers_and_libraries_2019.0.117/linux/ipp/lib/intel64/:/opt/intel/compilers_and_libraries_2019.0.117/linux/compiler/lib/intel64_lin/:/opt/intel/compilers_and_libraries_2019.0.117/linux/mkl/lib/intel64_lin/:/opt/intel/compilers_and_libraries_2019.0.117/linux/tbb/lib/intel64/gcc4.7/:/opt/intel/compilers_and_libraries_2019.0.117/linux/tbb/lib/intel64/gcc4.7/:/opt/intel/compilers_and_libraries_2019.0.117/linux/daal/lib/intel64_lin/:/opt/intel/compilers_and_libraries_2019.0.117/linux/daal/../tbb/lib/intel64_lin/gcc4.4/:/usr/local/lib/gcc/x86_64-pc-linux-gnu/9.1.0/../../../:/lib/:/usr/lib/
COLLECT_GCC_OPTIONS='-v' '-o' 'CMakeFiles/cmTC_2e637.dir/CMakeCXXCompilerABI.cpp.o' '-c' '-shared-libgcc' '-mtune=generic' '-march=x86-64'
Linking CXX executable cmTC_2e637
/usr/local/bin/cmake -E cmake_link_script CMakeFiles/cmTC_2e637.dir/link.txt --verbose=1
/usr/local/bin/c++      -v -rdynamic CMakeFiles/cmTC_2e637.dir/CMakeCXXCompilerABI.cpp.o  -o cmTC_2e637 
Using built-in specs.
COLLECT_GCC=/usr/local/bin/c++
COLLECT_LTO_WRAPPER=/usr/local/libexec/gcc/x86_64-pc-linux-gnu/9.1.0/lto-wrapper
Target: x86_64-pc-linux-gnu
Configured with: ../configure -enable-checking=release -enable-languages=c,c++ -disable-multilib
Thread model: posix
gcc version 9.1.0 (GCC) 
COMPILER_PATH=/usr/local/libexec/gcc/x86_64-pc-linux-gnu/9.1.0/:/usr/local/libexec/gcc/x86_64-pc-linux-gnu/9.1.0/:/usr/local/libexec/gcc/x86_64-pc-linux-gnu/:/usr/local/lib/gcc/x86_64-pc-linux-gnu/9.1.0/:/usr/local/lib/gcc/x86_64-pc-linux-gnu/
LIBRARY_PATH=/usr/local/lib/gcc/x86_64-pc-linux-gnu/9.1.0/:/usr/local/lib/gcc/x86_64-pc-linux-gnu/9.1.0/../../../../lib64/:/lib/../lib64/:/usr/lib/../lib64/:/opt/intel/clck/2019.0/lib/intel64/:/opt/intel/compilers_and_libraries_2019.0.117/linux/ipp/lib/intel64/:/opt/intel/compilers_and_libraries_2019.0.117/linux/compiler/lib/intel64_lin/:/opt/intel/compilers_and_libraries_2019.0.117/linux/mkl/lib/intel64_lin/:/opt/intel/compilers_and_libraries_2019.0.117/linux/tbb/lib/intel64/gcc4.7/:/opt/intel/compilers_and_libraries_2019.0.117/linux/tbb/lib/intel64/gcc4.7/:/opt/intel/compilers_and_libraries_2019.0.117/linux/daal/lib/intel64_lin/:/opt/intel/compilers_and_libraries_2019.0.117/linux/ipp/lib/intel64/:/opt/intel/compilers_and_libraries_2019.0.117/linux/compiler/lib/intel64_lin/:/opt/intel/compilers_and_libraries_2019.0.117/linux/mkl/lib/intel64_lin/:/opt/intel/compilers_and_libraries_2019.0.117/linux/tbb/lib/intel64/gcc4.7/:/opt/intel/compilers_and_libraries_2019.0.117/linux/tbb/lib/intel64/gcc4.7/:/opt/intel/compilers_and_libraries_2019.0.117/linux/daal/lib/intel64_lin/:/opt/intel/compilers_and_libraries_2019.0.117/linux/compiler/lib/intel64_lin/:/opt/intel/compilers_and_libraries_2019.0.117/linux/mkl/lib/intel64_lin/:/opt/intel/compilers_and_libraries_2019.0.117/linux/compiler/lib/intel64_lin/:/opt/intel/compilers_and_libraries_2019.0.117/linux/mkl/lib/intel64_lin/:/opt/intel/compilers_and_libraries_2019.0.117/linux/ipp/lib/intel64/:/opt/intel/compilers_and_libraries_2019.0.117/linux/compiler/lib/intel64_lin/:/opt/intel/compilers_and_libraries_2019.0.117/linux/mkl/lib/intel64_lin/:/opt/intel/compilers_and_libraries_2019.0.117/linux/tbb/lib/intel64/gcc4.7/:/opt/intel/compilers_and_libraries_2019.0.117/linux/tbb/lib/intel64/gcc4.7/:/opt/intel/compilers_and_libraries_2019.0.117/linux/daal/lib/intel64_lin/:/opt/intel/compilers_and_libraries_2019.0.117/linux/daal/../tbb/lib/intel64_lin/gcc4.4/:/usr/local/lib/gcc/x86_64-pc-linux-gnu/9.1.0/../../../:/lib/:/usr/lib/
COLLECT_GCC_OPTIONS='-v' '-rdynamic' '-o' 'cmTC_2e637' '-shared-libgcc' '-mtune=generic' '-march=x86-64'
 /usr/local/libexec/gcc/x86_64-pc-linux-gnu/9.1.0/collect2 -plugin /usr/local/libexec/gcc/x86_64-pc-linux-gnu/9.1.0/liblto_plugin.so -plugin-opt=/usr/local/libexec/gcc/x86_64-pc-linux-gnu/9.1.0/lto-wrapper -plugin-opt=-fresolution=/tmp/ccp4goHm.res -plugin-opt=-pass-through=-lgcc_s -plugin-opt=-pass-through=-lgcc -plugin-opt=-pass-through=-lc -plugin-opt=-pass-through=-lgcc_s -plugin-opt=-pass-through=-lgcc --eh-frame-hdr -m elf_x86_64 -export-dynamic -dynamic-linker /lib64/ld-linux-x86-64.so.2 -o cmTC_2e637 /lib/../lib64/crt1.o /lib/../lib64/crti.o /usr/local/lib/gcc/x86_64-pc-linux-gnu/9.1.0/crtbegin.o -L/usr/local/lib/gcc/x86_64-pc-linux-gnu/9.1.0 -L/usr/local/lib/gcc/x86_64-pc-linux-gnu/9.1.0/../../../../lib64 -L/lib/../lib64 -L/usr/lib/../lib64 -L/opt/intel/clck/2019.0/lib/intel64 -L/opt/intel/compilers_and_libraries_2019.0.117/linux/ipp/lib/intel64 -L/opt/intel/compilers_and_libraries_2019.0.117/linux/compiler/lib/intel64_lin -L/opt/intel/compilers_and_libraries_2019.0.117/linux/mkl/lib/intel64_lin -L/opt/intel/compilers_and_libraries_2019.0.117/linux/tbb/lib/intel64/gcc4.7 -L/opt/intel/compilers_and_libraries_2019.0.117/linux/tbb/lib/intel64/gcc4.7 -L/opt/intel/compilers_and_libraries_2019.0.117/linux/daal/lib/intel64_lin -L/opt/intel/compilers_and_libraries_2019.0.117/linux/ipp/lib/intel64 -L/opt/intel/compilers_and_libraries_2019.0.117/linux/compiler/lib/intel64_lin -L/opt/intel/compilers_and_libraries_2019.0.117/linux/mkl/lib/intel64_lin -L/opt/intel/compilers_and_libraries_2019.0.117/linux/tbb/lib/intel64/gcc4.7 -L/opt/intel/compilers_and_libraries_2019.0.117/linux/tbb/lib/intel64/gcc4.7 -L/opt/intel/compilers_and_libraries_2019.0.117/linux/daal/lib/intel64_lin -L/opt/intel/compilers_and_libraries_2019.0.117/linux/compiler/lib/intel64_lin -L/opt/intel/compilers_and_libraries_2019.0.117/linux/mkl/lib/intel64_lin -L/opt/intel/compilers_and_libraries_2019.0.117/linux/compiler/lib/intel64_lin -L/opt/intel/compilers_and_libraries_2019.0.117/linux/mkl/lib/intel64_lin -L/opt/intel/compilers_and_libraries_2019.0.117/linux/ipp/lib/intel64 -L/opt/intel/compilers_and_libraries_2019.0.117/linux/compiler/lib/intel64_lin -L/opt/intel/compilers_and_libraries_2019.0.117/linux/mkl/lib/intel64_lin -L/opt/intel/compilers_and_libraries_2019.0.117/linux/tbb/lib/intel64/gcc4.7 -L/opt/intel/compilers_and_libraries_2019.0.117/linux/tbb/lib/intel64/gcc4.7 -L/opt/intel/compilers_and_libraries_2019.0.117/linux/daal/lib/intel64_lin -L/opt/intel/compilers_and_libraries_2019.0.117/linux/daal/../tbb/lib/intel64_lin/gcc4.4 -L/usr/local/lib/gcc/x86_64-pc-linux-gnu/9.1.0/../../.. CMakeFiles/cmTC_2e637.dir/CMakeCXXCompilerABI.cpp.o -lstdc++ -lm -lgcc_s -lgcc -lc -lgcc_s -lgcc /usr/local/lib/gcc/x86_64-pc-linux-gnu/9.1.0/crtend.o /lib/../lib64/crtn.o
COLLECT_GCC_OPTIONS='-v' '-rdynamic' '-o' 'cmTC_2e637' '-shared-libgcc' '-mtune=generic' '-march=x86-64'
gmake[1]: Leaving directory `/home/zhangfq/Method-II/HydrogenOrbitalViewer/colorPicker/Qt-Color-Widgets/color_widgets_designer_plugin/CMakeFiles/CMakeTmp'


Parsed CXX implicit include dir info from above output: rv=done
  found start of include info
  found start of implicit include info
    add: [/opt/intel/compilers_and_libraries_2019.0.117/linux/ipp/include]
    add: [/opt/intel/compilers_and_libraries_2019.0.117/linux/mkl/include]
    add: [/opt/intel/compilers_and_libraries_2019.0.117/linux/pstl/include]
    add: [/opt/intel/compilers_and_libraries_2019.0.117/linux/tbb/include]
    add: [/opt/intel/compilers_and_libraries_2019.0.117/linux/daal/include]
    add: [/opt/intel/clck/2019.0/include]
    add: [/usr/local/lib/gcc/x86_64-pc-linux-gnu/9.1.0/../../../../include/c++/9.1.0]
    add: [/usr/local/lib/gcc/x86_64-pc-linux-gnu/9.1.0/../../../../include/c++/9.1.0/x86_64-pc-linux-gnu]
    add: [/usr/local/lib/gcc/x86_64-pc-linux-gnu/9.1.0/../../../../include/c++/9.1.0/backward]
    add: [/usr/local/lib/gcc/x86_64-pc-linux-gnu/9.1.0/include]
    add: [/usr/local/include]
    add: [/usr/local/lib/gcc/x86_64-pc-linux-gnu/9.1.0/include-fixed]
    add: [/usr/include]
  end of search list found
  implicit include dirs: [/opt/intel/compilers_and_libraries_2019.0.117/linux/ipp/include;/opt/intel/compilers_and_libraries_2019.0.117/linux/mkl/include;/opt/intel/compilers_and_libraries_2019.0.117/linux/pstl/include;/opt/intel/compilers_and_libraries_2019.0.117/linux/tbb/include;/opt/intel/compilers_and_libraries_2019.0.117/linux/daal/include;/opt/intel/clck/2019.0/include;/usr/local/lib/gcc/x86_64-pc-linux-gnu/9.1.0/../../../../include/c++/9.1.0;/usr/local/lib/gcc/x86_64-pc-linux-gnu/9.1.0/../../../../include/c++/9.1.0/x86_64-pc-linux-gnu;/usr/local/lib/gcc/x86_64-pc-linux-gnu/9.1.0/../../../../include/c++/9.1.0/backward;/usr/local/lib/gcc/x86_64-pc-linux-gnu/9.1.0/include;/usr/local/include;/usr/local/lib/gcc/x86_64-pc-linux-gnu/9.1.0/include-fixed;/usr/include]


Parsed CXX implicit link information from above output:
  link line regex: [^( *|.*[/\])(ld|CMAKE_LINK_STARTFILE-NOTFOUND|([^/\]+-)?ld|collect2)[^/\]*( |$)]
  ignore line: [Change Dir: /home/zhangfq/Method-II/HydrogenOrbitalViewer/colorPicker/Qt-Color-Widgets/color_widgets_designer_plugin/CMakeFiles/CMakeTmp]
  ignore line: []
  ignore line: [Run Build Command(s):/usr/bin/gmake cmTC_2e637/fast ]
  ignore line: [/usr/bin/gmake -f CMakeFiles/cmTC_2e637.dir/build.make CMakeFiles/cmTC_2e637.dir/build]
  ignore line: [gmake[1]: Entering directory `/home/zhangfq/Method-II/HydrogenOrbitalViewer/colorPicker/Qt-Color-Widgets/color_widgets_designer_plugin/CMakeFiles/CMakeTmp']
  ignore line: [Building CXX object CMakeFiles/cmTC_2e637.dir/CMakeCXXCompilerABI.cpp.o]
  ignore line: [/usr/local/bin/c++    -v -o CMakeFiles/cmTC_2e637.dir/CMakeCXXCompilerABI.cpp.o -c /usr/local/share/cmake-3.14/Modules/CMakeCXXCompilerABI.cpp]
  ignore line: [Using built-in specs.]
  ignore line: [COLLECT_GCC=/usr/local/bin/c++]
  ignore line: [Target: x86_64-pc-linux-gnu]
  ignore line: [Configured with: ../configure -enable-checking=release -enable-languages=c,c++ -disable-multilib]
  ignore line: [Thread model: posix]
  ignore line: [gcc version 9.1.0 (GCC) ]
  ignore line: [COLLECT_GCC_OPTIONS='-v' '-o' 'CMakeFiles/cmTC_2e637.dir/CMakeCXXCompilerABI.cpp.o' '-c' '-shared-libgcc' '-mtune=generic' '-march=x86-64']
  ignore line: [ /usr/local/libexec/gcc/x86_64-pc-linux-gnu/9.1.0/cc1plus -quiet -v -D_GNU_SOURCE /usr/local/share/cmake-3.14/Modules/CMakeCXXCompilerABI.cpp -quiet -dumpbase CMakeCXXCompilerABI.cpp -mtune=generic -march=x86-64 -auxbase-strip CMakeFiles/cmTC_2e637.dir/CMakeCXXCompilerABI.cpp.o -version -o /tmp/ccfRemAi.s]
  ignore line: [GNU C++14 (GCC) version 9.1.0 (x86_64-pc-linux-gnu)]
  ignore line: [	compiled by GNU C version 9.1.0, GMP version 6.0.0, MPFR version 3.1.1, MPC version 1.0.1, isl version none]
  ignore line: [GGC heuristics: --param ggc-min-expand=100 --param ggc-min-heapsize=131072]
  ignore line: [ignoring nonexistent directory "/usr/local/lib/gcc/x86_64-pc-linux-gnu/9.1.0/../../../../x86_64-pc-linux-gnu/include"]
  ignore line: [ignoring duplicate directory "/opt/intel/compilers_and_libraries_2019.0.117/linux/tbb/include"]
  ignore line: [ignoring duplicate directory "/opt/intel/compilers_and_libraries_2019.0.117/linux/ipp/include"]
  ignore line: [ignoring duplicate directory "/opt/intel/compilers_and_libraries_2019.0.117/linux/mkl/include"]
  ignore line: [ignoring duplicate directory "/opt/intel/compilers_and_libraries_2019.0.117/linux/pstl/include"]
  ignore line: [ignoring duplicate directory "/opt/intel/compilers_and_libraries_2019.0.117/linux/tbb/include"]
  ignore line: [ignoring duplicate directory "/opt/intel/compilers_and_libraries_2019.0.117/linux/tbb/include"]
  ignore line: [ignoring duplicate directory "/opt/intel/compilers_and_libraries_2019.0.117/linux/daal/include"]
  ignore line: [ignoring duplicate directory "/opt/intel/compilers_and_libraries_2019.0.117/linux/mkl/include"]
  ignore line: [ignoring duplicate directory "/opt/intel/compilers_and_libraries_2019.0.117/linux/mkl/include"]
  ignore line: [ignoring duplicate directory "/opt/intel/compilers_and_libraries_2019.0.117/linux/ipp/include"]
  ignore line: [ignoring duplicate directory "/opt/intel/compilers_and_libraries_2019.0.117/linux/mkl/include"]
  ignore line: [ignoring duplicate directory "/opt/intel/compilers_and_libraries_2019.0.117/linux/pstl/include"]
  ignore line: [ignoring duplicate directory "/opt/intel/compilers_and_libraries_2019.0.117/linux/tbb/include"]
  ignore line: [ignoring duplicate directory "/opt/intel/compilers_and_libraries_2019.0.117/linux/tbb/include"]
  ignore line: [ignoring duplicate directory "/opt/intel/compilers_and_libraries_2019.0.117/linux/daal/include"]
  ignore line: [#include "..." search starts here:]
  ignore line: [#include <...> search starts here:]
  ignore line: [ /opt/intel/compilers_and_libraries_2019.0.117/linux/ipp/include]
  ignore line: [ /opt/intel/compilers_and_libraries_2019.0.117/linux/mkl/include]
  ignore line: [ /opt/intel/compilers_and_libraries_2019.0.117/linux/pstl/include]
  ignore line: [ /opt/intel/compilers_and_libraries_2019.0.117/linux/tbb/include]
  ignore line: [ /opt/intel/compilers_and_libraries_2019.0.117/linux/daal/include]
  ignore line: [ /opt/intel/clck/2019.0/include]
  ignore line: [ /usr/local/lib/gcc/x86_64-pc-linux-gnu/9.1.0/../../../../include/c++/9.1.0]
  ignore line: [ /usr/local/lib/gcc/x86_64-pc-linux-gnu/9.1.0/../../../../include/c++/9.1.0/x86_64-pc-linux-gnu]
  ignore line: [ /usr/local/lib/gcc/x86_64-pc-linux-gnu/9.1.0/../../../../include/c++/9.1.0/backward]
  ignore line: [ /usr/local/lib/gcc/x86_64-pc-linux-gnu/9.1.0/include]
  ignore line: [ /usr/local/include]
  ignore line: [ /usr/local/lib/gcc/x86_64-pc-linux-gnu/9.1.0/include-fixed]
  ignore line: [ /usr/include]
  ignore line: [End of search list.]
  ignore line: [GNU C++14 (GCC) version 9.1.0 (x86_64-pc-linux-gnu)]
  ignore line: [	compiled by GNU C version 9.1.0, GMP version 6.0.0, MPFR version 3.1.1, MPC version 1.0.1, isl version none]
  ignore line: [GGC heuristics: --param ggc-min-expand=100 --param ggc-min-heapsize=131072]
  ignore line: [Compiler executable checksum: ecf5d89de9efb460a639e774768c1c17]
  ignore line: [COLLECT_GCC_OPTIONS='-v' '-o' 'CMakeFiles/cmTC_2e637.dir/CMakeCXXCompilerABI.cpp.o' '-c' '-shared-libgcc' '-mtune=generic' '-march=x86-64']
  ignore line: [ as -v --64 -o CMakeFiles/cmTC_2e637.dir/CMakeCXXCompilerABI.cpp.o /tmp/ccfRemAi.s]
  ignore line: [GNU assembler version 2.27 (x86_64-redhat-linux) using BFD version version 2.27-34.base.el7]
  ignore line: [COMPILER_PATH=/usr/local/libexec/gcc/x86_64-pc-linux-gnu/9.1.0/:/usr/local/libexec/gcc/x86_64-pc-linux-gnu/9.1.0/:/usr/local/libexec/gcc/x86_64-pc-linux-gnu/:/usr/local/lib/gcc/x86_64-pc-linux-gnu/9.1.0/:/usr/local/lib/gcc/x86_64-pc-linux-gnu/]
  ignore line: [LIBRARY_PATH=/usr/local/lib/gcc/x86_64-pc-linux-gnu/9.1.0/:/usr/local/lib/gcc/x86_64-pc-linux-gnu/9.1.0/../../../../lib64/:/lib/../lib64/:/usr/lib/../lib64/:/opt/intel/clck/2019.0/lib/intel64/:/opt/intel/compilers_and_libraries_2019.0.117/linux/ipp/lib/intel64/:/opt/intel/compilers_and_libraries_2019.0.117/linux/compiler/lib/intel64_lin/:/opt/intel/compilers_and_libraries_2019.0.117/linux/mkl/lib/intel64_lin/:/opt/intel/compilers_and_libraries_2019.0.117/linux/tbb/lib/intel64/gcc4.7/:/opt/intel/compilers_and_libraries_2019.0.117/linux/tbb/lib/intel64/gcc4.7/:/opt/intel/compilers_and_libraries_2019.0.117/linux/daal/lib/intel64_lin/:/opt/intel/compilers_and_libraries_2019.0.117/linux/ipp/lib/intel64/:/opt/intel/compilers_and_libraries_2019.0.117/linux/compiler/lib/intel64_lin/:/opt/intel/compilers_and_libraries_2019.0.117/linux/mkl/lib/intel64_lin/:/opt/intel/compilers_and_libraries_2019.0.117/linux/tbb/lib/intel64/gcc4.7/:/opt/intel/compilers_and_libraries_2019.0.117/linux/tbb/lib/intel64/gcc4.7/:/opt/intel/compilers_and_libraries_2019.0.117/linux/daal/lib/intel64_lin/:/opt/intel/compilers_and_libraries_2019.0.117/linux/compiler/lib/intel64_lin/:/opt/intel/compilers_and_libraries_2019.0.117/linux/mkl/lib/intel64_lin/:/opt/intel/compilers_and_libraries_2019.0.117/linux/compiler/lib/intel64_lin/:/opt/intel/compilers_and_libraries_2019.0.117/linux/mkl/lib/intel64_lin/:/opt/intel/compilers_and_libraries_2019.0.117/linux/ipp/lib/intel64/:/opt/intel/compilers_and_libraries_2019.0.117/linux/compiler/lib/intel64_lin/:/opt/intel/compilers_and_libraries_2019.0.117/linux/mkl/lib/intel64_lin/:/opt/intel/compilers_and_libraries_2019.0.117/linux/tbb/lib/intel64/gcc4.7/:/opt/intel/compilers_and_libraries_2019.0.117/linux/tbb/lib/intel64/gcc4.7/:/opt/intel/compilers_and_libraries_2019.0.117/linux/daal/lib/intel64_lin/:/opt/intel/compilers_and_libraries_2019.0.117/linux/daal/../tbb/lib/intel64_lin/gcc4.4/:/usr/local/lib/gcc/x86_64-pc-linux-gnu/9.1.0/../../../:/lib/:/usr/lib/]
  ignore line: [COLLECT_GCC_OPTIONS='-v' '-o' 'CMakeFiles/cmTC_2e637.dir/CMakeCXXCompilerABI.cpp.o' '-c' '-shared-libgcc' '-mtune=generic' '-march=x86-64']
  ignore line: [Linking CXX executable cmTC_2e637]
  ignore line: [/usr/local/bin/cmake -E cmake_link_script CMakeFiles/cmTC_2e637.dir/link.txt --verbose=1]
  ignore line: [/usr/local/bin/c++      -v -rdynamic CMakeFiles/cmTC_2e637.dir/CMakeCXXCompilerABI.cpp.o  -o cmTC_2e637 ]
  ignore line: [Using built-in specs.]
  ignore line: [COLLECT_GCC=/usr/local/bin/c++]
  ignore line: [COLLECT_LTO_WRAPPER=/usr/local/libexec/gcc/x86_64-pc-linux-gnu/9.1.0/lto-wrapper]
  ignore line: [Target: x86_64-pc-linux-gnu]
  ignore line: [Configured with: ../configure -enable-checking=release -enable-languages=c,c++ -disable-multilib]
  ignore line: [Thread model: posix]
  ignore line: [gcc version 9.1.0 (GCC) ]
  ignore line: [COMPILER_PATH=/usr/local/libexec/gcc/x86_64-pc-linux-gnu/9.1.0/:/usr/local/libexec/gcc/x86_64-pc-linux-gnu/9.1.0/:/usr/local/libexec/gcc/x86_64-pc-linux-gnu/:/usr/local/lib/gcc/x86_64-pc-linux-gnu/9.1.0/:/usr/local/lib/gcc/x86_64-pc-linux-gnu/]
  ignore line: [LIBRARY_PATH=/usr/local/lib/gcc/x86_64-pc-linux-gnu/9.1.0/:/usr/local/lib/gcc/x86_64-pc-linux-gnu/9.1.0/../../../../lib64/:/lib/../lib64/:/usr/lib/../lib64/:/opt/intel/clck/2019.0/lib/intel64/:/opt/intel/compilers_and_libraries_2019.0.117/linux/ipp/lib/intel64/:/opt/intel/compilers_and_libraries_2019.0.117/linux/compiler/lib/intel64_lin/:/opt/intel/compilers_and_libraries_2019.0.117/linux/mkl/lib/intel64_lin/:/opt/intel/compilers_and_libraries_2019.0.117/linux/tbb/lib/intel64/gcc4.7/:/opt/intel/compilers_and_libraries_2019.0.117/linux/tbb/lib/intel64/gcc4.7/:/opt/intel/compilers_and_libraries_2019.0.117/linux/daal/lib/intel64_lin/:/opt/intel/compilers_and_libraries_2019.0.117/linux/ipp/lib/intel64/:/opt/intel/compilers_and_libraries_2019.0.117/linux/compiler/lib/intel64_lin/:/opt/intel/compilers_and_libraries_2019.0.117/linux/mkl/lib/intel64_lin/:/opt/intel/compilers_and_libraries_2019.0.117/linux/tbb/lib/intel64/gcc4.7/:/opt/intel/compilers_and_libraries_2019.0.117/linux/tbb/lib/intel64/gcc4.7/:/opt/intel/compilers_and_libraries_2019.0.117/linux/daal/lib/intel64_lin/:/opt/intel/compilers_and_libraries_2019.0.117/linux/compiler/lib/intel64_lin/:/opt/intel/compilers_and_libraries_2019.0.117/linux/mkl/lib/intel64_lin/:/opt/intel/compilers_and_libraries_2019.0.117/linux/compiler/lib/intel64_lin/:/opt/intel/compilers_and_libraries_2019.0.117/linux/mkl/lib/intel64_lin/:/opt/intel/compilers_and_libraries_2019.0.117/linux/ipp/lib/intel64/:/opt/intel/compilers_and_libraries_2019.0.117/linux/compiler/lib/intel64_lin/:/opt/intel/compilers_and_libraries_2019.0.117/linux/mkl/lib/intel64_lin/:/opt/intel/compilers_and_libraries_2019.0.117/linux/tbb/lib/intel64/gcc4.7/:/opt/intel/compilers_and_libraries_2019.0.117/linux/tbb/lib/intel64/gcc4.7/:/opt/intel/compilers_and_libraries_2019.0.117/linux/daal/lib/intel64_lin/:/opt/intel/compilers_and_libraries_2019.0.117/linux/daal/../tbb/lib/intel64_lin/gcc4.4/:/usr/local/lib/gcc/x86_64-pc-linux-gnu/9.1.0/../../../:/lib/:/usr/lib/]
  ignore line: [COLLECT_GCC_OPTIONS='-v' '-rdynamic' '-o' 'cmTC_2e637' '-shared-libgcc' '-mtune=generic' '-march=x86-64']
  link line: [ /usr/local/libexec/gcc/x86_64-pc-linux-gnu/9.1.0/collect2 -plugin /usr/local/libexec/gcc/x86_64-pc-linux-gnu/9.1.0/liblto_plugin.so -plugin-opt=/usr/local/libexec/gcc/x86_64-pc-linux-gnu/9.1.0/lto-wrapper -plugin-opt=-fresolution=/tmp/ccp4goHm.res -plugin-opt=-pass-through=-lgcc_s -plugin-opt=-pass-through=-lgcc -plugin-opt=-pass-through=-lc -plugin-opt=-pass-through=-lgcc_s -plugin-opt=-pass-through=-lgcc --eh-frame-hdr -m elf_x86_64 -export-dynamic -dynamic-linker /lib64/ld-linux-x86-64.so.2 -o cmTC_2e637 /lib/../lib64/crt1.o /lib/../lib64/crti.o /usr/local/lib/gcc/x86_64-pc-linux-gnu/9.1.0/crtbegin.o -L/usr/local/lib/gcc/x86_64-pc-linux-gnu/9.1.0 -L/usr/local/lib/gcc/x86_64-pc-linux-gnu/9.1.0/../../../../lib64 -L/lib/../lib64 -L/usr/lib/../lib64 -L/opt/intel/clck/2019.0/lib/intel64 -L/opt/intel/compilers_and_libraries_2019.0.117/linux/ipp/lib/intel64 -L/opt/intel/compilers_and_libraries_2019.0.117/linux/compiler/lib/intel64_lin -L/opt/intel/compilers_and_libraries_2019.0.117/linux/mkl/lib/intel64_lin -L/opt/intel/compilers_and_libraries_2019.0.117/linux/tbb/lib/intel64/gcc4.7 -L/opt/intel/compilers_and_libraries_2019.0.117/linux/tbb/lib/intel64/gcc4.7 -L/opt/intel/compilers_and_libraries_2019.0.117/linux/daal/lib/intel64_lin -L/opt/intel/compilers_and_libraries_2019.0.117/linux/ipp/lib/intel64 -L/opt/intel/compilers_and_libraries_2019.0.117/linux/compiler/lib/intel64_lin -L/opt/intel/compilers_and_libraries_2019.0.117/linux/mkl/lib/intel64_lin -L/opt/intel/compilers_and_libraries_2019.0.117/linux/tbb/lib/intel64/gcc4.7 -L/opt/intel/compilers_and_libraries_2019.0.117/linux/tbb/lib/intel64/gcc4.7 -L/opt/intel/compilers_and_libraries_2019.0.117/linux/daal/lib/intel64_lin -L/opt/intel/compilers_and_libraries_2019.0.117/linux/compiler/lib/intel64_lin -L/opt/intel/compilers_and_libraries_2019.0.117/linux/mkl/lib/intel64_lin -L/opt/intel/compilers_and_libraries_2019.0.117/linux/compiler/lib/intel64_lin -L/opt/intel/compilers_and_libraries_2019.0.117/linux/mkl/lib/intel64_lin -L/opt/intel/compilers_and_libraries_2019.0.117/linux/ipp/lib/intel64 -L/opt/intel/compilers_and_libraries_2019.0.117/linux/compiler/lib/intel64_lin -L/opt/intel/compilers_and_libraries_2019.0.117/linux/mkl/lib/intel64_lin -L/opt/intel/compilers_and_libraries_2019.0.117/linux/tbb/lib/intel64/gcc4.7 -L/opt/intel/compilers_and_libraries_2019.0.117/linux/tbb/lib/intel64/gcc4.7 -L/opt/intel/compilers_and_libraries_2019.0.117/linux/daal/lib/intel64_lin -L/opt/intel/compilers_and_libraries_2019.0.117/linux/daal/../tbb/lib/intel64_lin/gcc4.4 -L/usr/local/lib/gcc/x86_64-pc-linux-gnu/9.1.0/../../.. CMakeFiles/cmTC_2e637.dir/CMakeCXXCompilerABI.cpp.o -lstdc++ -lm -lgcc_s -lgcc -lc -lgcc_s -lgcc /usr/local/lib/gcc/x86_64-pc-linux-gnu/9.1.0/crtend.o /lib/../lib64/crtn.o]
    arg [/usr/local/libexec/gcc/x86_64-pc-linux-gnu/9.1.0/collect2] ==> ignore
    arg [-plugin] ==> ignore
    arg [/usr/local/libexec/gcc/x86_64-pc-linux-gnu/9.1.0/liblto_plugin.so] ==> ignore
    arg [-plugin-opt=/usr/local/libexec/gcc/x86_64-pc-linux-gnu/9.1.0/lto-wrapper] ==> ignore
    arg [-plugin-opt=-fresolution=/tmp/ccp4goHm.res] ==> ignore
    arg [-plugin-opt=-pass-through=-lgcc_s] ==> ignore
    arg [-plugin-opt=-pass-through=-lgcc] ==> ignore
    arg [-plugin-opt=-pass-through=-lc] ==> ignore
    arg [-plugin-opt=-pass-through=-lgcc_s] ==> ignore
    arg [-plugin-opt=-pass-through=-lgcc] ==> ignore
    arg [--eh-frame-hdr] ==> ignore
    arg [-m] ==> ignore
    arg [elf_x86_64] ==> ignore
    arg [-export-dynamic] ==> ignore
    arg [-dynamic-linker] ==> ignore
    arg [/lib64/ld-linux-x86-64.so.2] ==> ignore
    arg [-o] ==> ignore
    arg [cmTC_2e637] ==> ignore
    arg [/lib/../lib64/crt1.o] ==> ignore
    arg [/lib/../lib64/crti.o] ==> ignore
    arg [/usr/local/lib/gcc/x86_64-pc-linux-gnu/9.1.0/crtbegin.o] ==> ignore
    arg [-L/usr/local/lib/gcc/x86_64-pc-linux-gnu/9.1.0] ==> dir [/usr/local/lib/gcc/x86_64-pc-linux-gnu/9.1.0]
    arg [-L/usr/local/lib/gcc/x86_64-pc-linux-gnu/9.1.0/../../../../lib64] ==> dir [/usr/local/lib/gcc/x86_64-pc-linux-gnu/9.1.0/../../../../lib64]
    arg [-L/lib/../lib64] ==> dir [/lib/../lib64]
    arg [-L/usr/lib/../lib64] ==> dir [/usr/lib/../lib64]
    arg [-L/opt/intel/clck/2019.0/lib/intel64] ==> dir [/opt/intel/clck/2019.0/lib/intel64]
    arg [-L/opt/intel/compilers_and_libraries_2019.0.117/linux/ipp/lib/intel64] ==> dir [/opt/intel/compilers_and_libraries_2019.0.117/linux/ipp/lib/intel64]
    arg [-L/opt/intel/compilers_and_libraries_2019.0.117/linux/compiler/lib/intel64_lin] ==> dir [/opt/intel/compilers_and_libraries_2019.0.117/linux/compiler/lib/intel64_lin]
    arg [-L/opt/intel/compilers_and_libraries_2019.0.117/linux/mkl/lib/intel64_lin] ==> dir [/opt/intel/compilers_and_libraries_2019.0.117/linux/mkl/lib/intel64_lin]
    arg [-L/opt/intel/compilers_and_libraries_2019.0.117/linux/tbb/lib/intel64/gcc4.7] ==> dir [/opt/intel/compilers_and_libraries_2019.0.117/linux/tbb/lib/intel64/gcc4.7]
    arg [-L/opt/intel/compilers_and_libraries_2019.0.117/linux/tbb/lib/intel64/gcc4.7] ==> dir [/opt/intel/compilers_and_libraries_2019.0.117/linux/tbb/lib/intel64/gcc4.7]
    arg [-L/opt/intel/compilers_and_libraries_2019.0.117/linux/daal/lib/intel64_lin] ==> dir [/opt/intel/compilers_and_libraries_2019.0.117/linux/daal/lib/intel64_lin]
    arg [-L/opt/intel/compilers_and_libraries_2019.0.117/linux/ipp/lib/intel64] ==> dir [/opt/intel/compilers_and_libraries_2019.0.117/linux/ipp/lib/intel64]
    arg [-L/opt/intel/compilers_and_libraries_2019.0.117/linux/compiler/lib/intel64_lin] ==> dir [/opt/intel/compilers_and_libraries_2019.0.117/linux/compiler/lib/intel64_lin]
    arg [-L/opt/intel/compilers_and_libraries_2019.0.117/linux/mkl/lib/intel64_lin] ==> dir [/opt/intel/compilers_and_libraries_2019.0.117/linux/mkl/lib/intel64_lin]
    arg [-L/opt/intel/compilers_and_libraries_2019.0.117/linux/tbb/lib/intel64/gcc4.7] ==> dir [/opt/intel/compilers_and_libraries_2019.0.117/linux/tbb/lib/intel64/gcc4.7]
    arg [-L/opt/intel/compilers_and_libraries_2019.0.117/linux/tbb/lib/intel64/gcc4.7] ==> dir [/opt/intel/compilers_and_libraries_2019.0.117/linux/tbb/lib/intel64/gcc4.7]
    arg [-L/opt/intel/compilers_and_libraries_2019.0.117/linux/daal/lib/intel64_lin] ==> dir [/opt/intel/compilers_and_libraries_2019.0.117/linux/daal/lib/intel64_lin]
    arg [-L/opt/intel/compilers_and_libraries_2019.0.117/linux/compiler/lib/intel64_lin] ==> dir [/opt/intel/compilers_and_libraries_2019.0.117/linux/compiler/lib/intel64_lin]
    arg [-L/opt/intel/compilers_and_libraries_2019.0.117/linux/mkl/lib/intel64_lin] ==> dir [/opt/intel/compilers_and_libraries_2019.0.117/linux/mkl/lib/intel64_lin]
    arg [-L/opt/intel/compilers_and_libraries_2019.0.117/linux/compiler/lib/intel64_lin] ==> dir [/opt/intel/compilers_and_libraries_2019.0.117/linux/compiler/lib/intel64_lin]
    arg [-L/opt/intel/compilers_and_libraries_2019.0.117/linux/mkl/lib/intel64_lin] ==> dir [/opt/intel/compilers_and_libraries_2019.0.117/linux/mkl/lib/intel64_lin]
    arg [-L/opt/intel/compilers_and_libraries_2019.0.117/linux/ipp/lib/intel64] ==> dir [/opt/intel/compilers_and_libraries_2019.0.117/linux/ipp/lib/intel64]
    arg [-L/opt/intel/compilers_and_libraries_2019.0.117/linux/compiler/lib/intel64_lin] ==> dir [/opt/intel/compilers_and_libraries_2019.0.117/linux/compiler/lib/intel64_lin]
    arg [-L/opt/intel/compilers_and_libraries_2019.0.117/linux/mkl/lib/intel64_lin] ==> dir [/opt/intel/compilers_and_libraries_2019.0.117/linux/mkl/lib/intel64_lin]
    arg [-L/opt/intel/compilers_and_libraries_2019.0.117/linux/tbb/lib/intel64/gcc4.7] ==> dir [/opt/intel/compilers_and_libraries_2019.0.117/linux/tbb/lib/intel64/gcc4.7]
    arg [-L/opt/intel/compilers_and_libraries_2019.0.117/linux/tbb/lib/intel64/gcc4.7] ==> dir [/opt/intel/compilers_and_libraries_2019.0.117/linux/tbb/lib/intel64/gcc4.7]
    arg [-L/opt/intel/compilers_and_libraries_2019.0.117/linux/daal/lib/intel64_lin] ==> dir [/opt/intel/compilers_and_libraries_2019.0.117/linux/daal/lib/intel64_lin]
    arg [-L/opt/intel/compilers_and_libraries_2019.0.117/linux/daal/../tbb/lib/intel64_lin/gcc4.4] ==> dir [/opt/intel/compilers_and_libraries_2019.0.117/linux/daal/../tbb/lib/intel64_lin/gcc4.4]
    arg [-L/usr/local/lib/gcc/x86_64-pc-linux-gnu/9.1.0/../../..] ==> dir [/usr/local/lib/gcc/x86_64-pc-linux-gnu/9.1.0/../../..]
    arg [CMakeFiles/cmTC_2e637.dir/CMakeCXXCompilerABI.cpp.o] ==> ignore
    arg [-lstdc++] ==> lib [stdc++]
    arg [-lm] ==> lib [m]
    arg [-lgcc_s] ==> lib [gcc_s]
    arg [-lgcc] ==> lib [gcc]
    arg [-lc] ==> lib [c]
    arg [-lgcc_s] ==> lib [gcc_s]
    arg [-lgcc] ==> lib [gcc]
    arg [/usr/local/lib/gcc/x86_64-pc-linux-gnu/9.1.0/crtend.o] ==> ignore
    arg [/lib/../lib64/crtn.o] ==> ignore
  collapse library dir [/usr/local/lib/gcc/x86_64-pc-linux-gnu/9.1.0] ==> [/usr/local/lib/gcc/x86_64-pc-linux-gnu/9.1.0]
  collapse library dir [/usr/local/lib/gcc/x86_64-pc-linux-gnu/9.1.0/../../../../lib64] ==> [/usr/local/lib64]
  collapse library dir [/lib/../lib64] ==> [/lib64]
  collapse library dir [/usr/lib/../lib64] ==> [/usr/lib64]
  collapse library dir [/opt/intel/clck/2019.0/lib/intel64] ==> [/opt/intel/clck/2019.0/lib/intel64]
  collapse library dir [/opt/intel/compilers_and_libraries_2019.0.117/linux/ipp/lib/intel64] ==> [/opt/intel/compilers_and_libraries_2019.0.117/linux/ipp/lib/intel64]
  collapse library dir [/opt/intel/compilers_and_libraries_2019.0.117/linux/compiler/lib/intel64_lin] ==> [/opt/intel/compilers_and_libraries_2019.0.117/linux/compiler/lib/intel64_lin]
  collapse library dir [/opt/intel/compilers_and_libraries_2019.0.117/linux/mkl/lib/intel64_lin] ==> [/opt/intel/compilers_and_libraries_2019.0.117/linux/mkl/lib/intel64_lin]
  collapse library dir [/opt/intel/compilers_and_libraries_2019.0.117/linux/tbb/lib/intel64/gcc4.7] ==> [/opt/intel/compilers_and_libraries_2019.0.117/linux/tbb/lib/intel64/gcc4.7]
  collapse library dir [/opt/intel/compilers_and_libraries_2019.0.117/linux/tbb/lib/intel64/gcc4.7] ==> [/opt/intel/compilers_and_libraries_2019.0.117/linux/tbb/lib/intel64/gcc4.7]
  collapse library dir [/opt/intel/compilers_and_libraries_2019.0.117/linux/daal/lib/intel64_lin] ==> [/opt/intel/compilers_and_libraries_2019.0.117/linux/daal/lib/intel64_lin]
  collapse library dir [/opt/intel/compilers_and_libraries_2019.0.117/linux/ipp/lib/intel64] ==> [/opt/intel/compilers_and_libraries_2019.0.117/linux/ipp/lib/intel64]
  collapse library dir [/opt/intel/compilers_and_libraries_2019.0.117/linux/compiler/lib/intel64_lin] ==> [/opt/intel/compilers_and_libraries_2019.0.117/linux/compiler/lib/intel64_lin]
  collapse library dir [/opt/intel/compilers_and_libraries_2019.0.117/linux/mkl/lib/intel64_lin] ==> [/opt/intel/compilers_and_libraries_2019.0.117/linux/mkl/lib/intel64_lin]
  collapse library dir [/opt/intel/compilers_and_libraries_2019.0.117/linux/tbb/lib/intel64/gcc4.7] ==> [/opt/intel/compilers_and_libraries_2019.0.117/linux/tbb/lib/intel64/gcc4.7]
  collapse library dir [/opt/intel/compilers_and_libraries_2019.0.117/linux/tbb/lib/intel64/gcc4.7] ==> [/opt/intel/compilers_and_libraries_2019.0.117/linux/tbb/lib/intel64/gcc4.7]
  collapse library dir [/opt/intel/compilers_and_libraries_2019.0.117/linux/daal/lib/intel64_lin] ==> [/opt/intel/compilers_and_libraries_2019.0.117/linux/daal/lib/intel64_lin]
  collapse library dir [/opt/intel/compilers_and_libraries_2019.0.117/linux/compiler/lib/intel64_lin] ==> [/opt/intel/compilers_and_libraries_2019.0.117/linux/compiler/lib/intel64_lin]
  collapse library dir [/opt/intel/compilers_and_libraries_2019.0.117/linux/mkl/lib/intel64_lin] ==> [/opt/intel/compilers_and_libraries_2019.0.117/linux/mkl/lib/intel64_lin]
  collapse library dir [/opt/intel/compilers_and_libraries_2019.0.117/linux/compiler/lib/intel64_lin] ==> [/opt/intel/compilers_and_libraries_2019.0.117/linux/compiler/lib/intel64_lin]
  collapse library dir [/opt/intel/compilers_and_libraries_2019.0.117/linux/mkl/lib/intel64_lin] ==> [/opt/intel/compilers_and_libraries_2019.0.117/linux/mkl/lib/intel64_lin]
  collapse library dir [/opt/intel/compilers_and_libraries_2019.0.117/linux/ipp/lib/intel64] ==> [/opt/intel/compilers_and_libraries_2019.0.117/linux/ipp/lib/intel64]
  collapse library dir [/opt/intel/compilers_and_libraries_2019.0.117/linux/compiler/lib/intel64_lin] ==> [/opt/intel/compilers_and_libraries_2019.0.117/linux/compiler/lib/intel64_lin]
  collapse library dir [/opt/intel/compilers_and_libraries_2019.0.117/linux/mkl/lib/intel64_lin] ==> [/opt/intel/compilers_and_libraries_2019.0.117/linux/mkl/lib/intel64_lin]
  collapse library dir [/opt/intel/compilers_and_libraries_2019.0.117/linux/tbb/lib/intel64/gcc4.7] ==> [/opt/intel/compilers_and_libraries_2019.0.117/linux/tbb/lib/intel64/gcc4.7]
  collapse library dir [/opt/intel/compilers_and_libraries_2019.0.117/linux/tbb/lib/intel64/gcc4.7] ==> [/opt/intel/compilers_and_libraries_2019.0.117/linux/tbb/lib/intel64/gcc4.7]
  collapse library dir [/opt/intel/compilers_and_libraries_2019.0.117/linux/daal/lib/intel64_lin] ==> [/opt/intel/compilers_and_libraries_2019.0.117/linux/daal/lib/intel64_lin]
  collapse library dir [/opt/intel/compilers_and_libraries_2019.0.117/linux/daal/../tbb/lib/intel64_lin/gcc4.4] ==> [/opt/intel/compilers_and_libraries_2019.0.117/linux/tbb/lib/intel64_lin/gcc4.4]
  collapse library dir [/usr/local/lib/gcc/x86_64-pc-linux-gnu/9.1.0/../../..] ==> [/usr/local/lib]
  implicit libs: [stdc++;m;gcc_s;gcc;c;gcc_s;gcc]
  implicit dirs: [/usr/local/lib/gcc/x86_64-pc-linux-gnu/9.1.0;/usr/local/lib64;/lib64;/usr/lib64;/opt/intel/clck/2019.0/lib/intel64;/opt/intel/compilers_and_libraries_2019.0.117/linux/ipp/lib/intel64;/opt/intel/compilers_and_libraries_2019.0.117/linux/compiler/lib/intel64_lin;/opt/intel/compilers_and_libraries_2019.0.117/linux/mkl/lib/intel64_lin;/opt/intel/compilers_and_libraries_2019.0.117/linux/tbb/lib/intel64/gcc4.7;/opt/intel/compilers_and_libraries_2019.0.117/linux/daal/lib/intel64_lin;/opt/intel/compilers_and_libraries_2019.0.117/linux/tbb/lib/intel64_lin/gcc4.4;/usr/local/lib]
  implicit fwks: []




Detecting CXX [-std=c++2a] compiler features compiled with the following output:
Change Dir: /home/zhangfq/Method-II/HydrogenOrbitalViewer/colorPicker/Qt-Color-Widgets/color_widgets_designer_plugin/CMakeFiles/CMakeTmp

Run Build Command(s):/usr/bin/gmake cmTC_f3901/fast 
/usr/bin/gmake -f CMakeFiles/cmTC_f3901.dir/build.make CMakeFiles/cmTC_f3901.dir/build
gmake[1]: Entering directory `/home/zhangfq/Method-II/HydrogenOrbitalViewer/colorPicker/Qt-Color-Widgets/color_widgets_designer_plugin/CMakeFiles/CMakeTmp'
Building CXX object CMakeFiles/cmTC_f3901.dir/feature_tests.cxx.o
/usr/local/bin/c++    -std=c++2a -o CMakeFiles/cmTC_f3901.dir/feature_tests.cxx.o -c /home/zhangfq/Method-II/HydrogenOrbitalViewer/colorPicker/Qt-Color-Widgets/color_widgets_designer_plugin/CMakeFiles/feature_tests.cxx
Linking CXX executable cmTC_f3901
/usr/local/bin/cmake -E cmake_link_script CMakeFiles/cmTC_f3901.dir/link.txt --verbose=1
/usr/local/bin/c++       -rdynamic CMakeFiles/cmTC_f3901.dir/feature_tests.cxx.o  -o cmTC_f3901 
gmake[1]: Leaving directory `/home/zhangfq/Method-II/HydrogenOrbitalViewer/colorPicker/Qt-Color-Widgets/color_widgets_designer_plugin/CMakeFiles/CMakeTmp'


    Feature record: CXX_FEATURE:1cxx_aggregate_default_initializers
    Feature record: CXX_FEATURE:1cxx_alias_templates
    Feature record: CXX_FEATURE:1cxx_alignas
    Feature record: CXX_FEATURE:1cxx_alignof
    Feature record: CXX_FEATURE:1cxx_attributes
    Feature record: CXX_FEATURE:1cxx_attribute_deprecated
    Feature record: CXX_FEATURE:1cxx_auto_type
    Feature record: CXX_FEATURE:1cxx_binary_literals
    Feature record: CXX_FEATURE:1cxx_constexpr
    Feature record: CXX_FEATURE:1cxx_contextual_conversions
    Feature record: CXX_FEATURE:1cxx_decltype
    Feature record: CXX_FEATURE:1cxx_decltype_auto
    Feature record: CXX_FEATURE:1cxx_decltype_incomplete_return_types
    Feature record: CXX_FEATURE:1cxx_default_function_template_args
    Feature record: CXX_FEATURE:1cxx_defaulted_functions
    Feature record: CXX_FEATURE:1cxx_defaulted_move_initializers
    Feature record: CXX_FEATURE:1cxx_delegating_constructors
    Feature record: CXX_FEATURE:1cxx_deleted_functions
    Feature record: CXX_FEATURE:1cxx_digit_separators
    Feature record: CXX_FEATURE:1cxx_enum_forward_declarations
    Feature record: CXX_FEATURE:1cxx_explicit_conversions
    Feature record: CXX_FEATURE:1cxx_extended_friend_declarations
    Feature record: CXX_FEATURE:1cxx_extern_templates
    Feature record: CXX_FEATURE:1cxx_final
    Feature record: CXX_FEATURE:1cxx_func_identifier
    Feature record: CXX_FEATURE:1cxx_generalized_initializers
    Feature record: CXX_FEATURE:1cxx_generic_lambdas
    Feature record: CXX_FEATURE:1cxx_inheriting_constructors
    Feature record: CXX_FEATURE:1cxx_inline_namespaces
    Feature record: CXX_FEATURE:1cxx_lambdas
    Feature record: CXX_FEATURE:1cxx_lambda_init_captures
    Feature record: CXX_FEATURE:1cxx_local_type_template_args
    Feature record: CXX_FEATURE:1cxx_long_long_type
    Feature record: CXX_FEATURE:1cxx_noexcept
    Feature record: CXX_FEATURE:1cxx_nonstatic_member_init
    Feature record: CXX_FEATURE:1cxx_nullptr
    Feature record: CXX_FEATURE:1cxx_override
    Feature record: CXX_FEATURE:1cxx_range_for
    Feature record: CXX_FEATURE:1cxx_raw_string_literals
    Feature record: CXX_FEATURE:1cxx_reference_qualified_functions
    Feature record: CXX_FEATURE:1cxx_relaxed_constexpr
    Feature record: CXX_FEATURE:1cxx_return_type_deduction
    Feature record: CXX_FEATURE:1cxx_right_angle_brackets
    Feature record: CXX_FEATURE:1cxx_rvalue_references
    Feature record: CXX_FEATURE:1cxx_sizeof_member
    Feature record: CXX_FEATURE:1cxx_static_assert
    Feature record: CXX_FEATURE:1cxx_strong_enums
    Feature record: CXX_FEATURE:1cxx_template_template_parameters
    Feature record: CXX_FEATURE:1cxx_thread_local
    Feature record: CXX_FEATURE:1cxx_trailing_return_types
    Feature record: CXX_FEATURE:1cxx_unicode_literals
    Feature record: CXX_FEATURE:1cxx_uniform_initialization
    Feature record: CXX_FEATURE:1cxx_unrestricted_unions
    Feature record: CXX_FEATURE:1cxx_user_literals
    Feature record: CXX_FEATURE:1cxx_variable_templates
    Feature record: CXX_FEATURE:1cxx_variadic_macros
    Feature record: CXX_FEATURE:1cxx_variadic_templates


Detecting CXX [-std=c++17] compiler features compiled with the following output:
Change Dir: /home/zhangfq/Method-II/HydrogenOrbitalViewer/colorPicker/Qt-Color-Widgets/color_widgets_designer_plugin/CMakeFiles/CMakeTmp

Run Build Command(s):/usr/bin/gmake cmTC_55b0c/fast 
/usr/bin/gmake -f CMakeFiles/cmTC_55b0c.dir/build.make CMakeFiles/cmTC_55b0c.dir/build
gmake[1]: Entering directory `/home/zhangfq/Method-II/HydrogenOrbitalViewer/colorPicker/Qt-Color-Widgets/color_widgets_designer_plugin/CMakeFiles/CMakeTmp'
Building CXX object CMakeFiles/cmTC_55b0c.dir/feature_tests.cxx.o
/usr/local/bin/c++    -std=c++17 -o CMakeFiles/cmTC_55b0c.dir/feature_tests.cxx.o -c /home/zhangfq/Method-II/HydrogenOrbitalViewer/colorPicker/Qt-Color-Widgets/color_widgets_designer_plugin/CMakeFiles/feature_tests.cxx
Linking CXX executable cmTC_55b0c
/usr/local/bin/cmake -E cmake_link_script CMakeFiles/cmTC_55b0c.dir/link.txt --verbose=1
/usr/local/bin/c++       -rdynamic CMakeFiles/cmTC_55b0c.dir/feature_tests.cxx.o  -o cmTC_55b0c 
gmake[1]: Leaving directory `/home/zhangfq/Method-II/HydrogenOrbitalViewer/colorPicker/Qt-Color-Widgets/color_widgets_designer_plugin/CMakeFiles/CMakeTmp'


    Feature record: CXX_FEATURE:1cxx_aggregate_default_initializers
    Feature record: CXX_FEATURE:1cxx_alias_templates
    Feature record: CXX_FEATURE:1cxx_alignas
    Feature record: CXX_FEATURE:1cxx_alignof
    Feature record: CXX_FEATURE:1cxx_attributes
    Feature record: CXX_FEATURE:1cxx_attribute_deprecated
    Feature record: CXX_FEATURE:1cxx_auto_type
    Feature record: CXX_FEATURE:1cxx_binary_literals
    Feature record: CXX_FEATURE:1cxx_constexpr
    Feature record: CXX_FEATURE:1cxx_contextual_conversions
    Feature record: CXX_FEATURE:1cxx_decltype
    Feature record: CXX_FEATURE:1cxx_decltype_auto
    Feature record: CXX_FEATURE:1cxx_decltype_incomplete_return_types
    Feature record: CXX_FEATURE:1cxx_default_function_template_args
    Feature record: CXX_FEATURE:1cxx_defaulted_functions
    Feature record: CXX_FEATURE:1cxx_defaulted_move_initializers
    Feature record: CXX_FEATURE:1cxx_delegating_constructors
    Feature record: CXX_FEATURE:1cxx_deleted_functions
    Feature record: CXX_FEATURE:1cxx_digit_separators
    Feature record: CXX_FEATURE:1cxx_enum_forward_declarations
    Feature record: CXX_FEATURE:1cxx_explicit_conversions
    Feature record: CXX_FEATURE:1cxx_extended_friend_declarations
    Feature record: CXX_FEATURE:1cxx_extern_templates
    Feature record: CXX_FEATURE:1cxx_final
    Feature record: CXX_FEATURE:1cxx_func_identifier
    Feature record: CXX_FEATURE:1cxx_generalized_initializers
    Feature record: CXX_FEATURE:1cxx_generic_lambdas
    Feature record: CXX_FEATURE:1cxx_inheriting_constructors
    Feature record: CXX_FEATURE:1cxx_inline_namespaces
    Feature record: CXX_FEATURE:1cxx_lambdas
    Feature record: CXX_FEATURE:1cxx_lambda_init_captures
    Feature record: CXX_FEATURE:1cxx_local_type_template_args
    Feature record: CXX_FEATURE:1cxx_long_long_type
    Feature record: CXX_FEATURE:1cxx_noexcept
    Feature record: CXX_FEATURE:1cxx_nonstatic_member_init
    Feature record: CXX_FEATURE:1cxx_nullptr
    Feature record: CXX_FEATURE:1cxx_override
    Feature record: CXX_FEATURE:1cxx_range_for
    Feature record: CXX_FEATURE:1cxx_raw_string_literals
    Feature record: CXX_FEATURE:1cxx_reference_qualified_functions
    Feature record: CXX_FEATURE:1cxx_relaxed_constexpr
    Feature record: CXX_FEATURE:1cxx_return_type_deduction
    Feature record: CXX_FEATURE:1cxx_right_angle_brackets
    Feature record: CXX_FEATURE:1cxx_rvalue_references
    Feature record: CXX_FEATURE:1cxx_sizeof_member
    Feature record: CXX_FEATURE:1cxx_static_assert
    Feature record: CXX_FEATURE:1cxx_strong_enums
    Feature record: CXX_FEATURE:1cxx_template_template_parameters
    Feature record: CXX_FEATURE:1cxx_thread_local
    Feature record: CXX_FEATURE:1cxx_trailing_return_types
    Feature record: CXX_FEATURE:1cxx_unicode_literals
    Feature record: CXX_FEATURE:1cxx_uniform_initialization
    Feature record: CXX_FEATURE:1cxx_unrestricted_unions
    Feature record: CXX_FEATURE:1cxx_user_literals
    Feature record: CXX_FEATURE:1cxx_variable_templates
    Feature record: CXX_FEATURE:1cxx_variadic_macros
    Feature record: CXX_FEATURE:1cxx_variadic_templates


Detecting CXX [-std=c++14] compiler features compiled with the following output:
Change Dir: /home/zhangfq/Method-II/HydrogenOrbitalViewer/colorPicker/Qt-Color-Widgets/color_widgets_designer_plugin/CMakeFiles/CMakeTmp

Run Build Command(s):/usr/bin/gmake cmTC_baa71/fast 
/usr/bin/gmake -f CMakeFiles/cmTC_baa71.dir/build.make CMakeFiles/cmTC_baa71.dir/build
gmake[1]: Entering directory `/home/zhangfq/Method-II/HydrogenOrbitalViewer/colorPicker/Qt-Color-Widgets/color_widgets_designer_plugin/CMakeFiles/CMakeTmp'
Building CXX object CMakeFiles/cmTC_baa71.dir/feature_tests.cxx.o
/usr/local/bin/c++    -std=c++14 -o CMakeFiles/cmTC_baa71.dir/feature_tests.cxx.o -c /home/zhangfq/Method-II/HydrogenOrbitalViewer/colorPicker/Qt-Color-Widgets/color_widgets_designer_plugin/CMakeFiles/feature_tests.cxx
Linking CXX executable cmTC_baa71
/usr/local/bin/cmake -E cmake_link_script CMakeFiles/cmTC_baa71.dir/link.txt --verbose=1
/usr/local/bin/c++       -rdynamic CMakeFiles/cmTC_baa71.dir/feature_tests.cxx.o  -o cmTC_baa71 
gmake[1]: Leaving directory `/home/zhangfq/Method-II/HydrogenOrbitalViewer/colorPicker/Qt-Color-Widgets/color_widgets_designer_plugin/CMakeFiles/CMakeTmp'


    Feature record: CXX_FEATURE:1cxx_aggregate_default_initializers
    Feature record: CXX_FEATURE:1cxx_alias_templates
    Feature record: CXX_FEATURE:1cxx_alignas
    Feature record: CXX_FEATURE:1cxx_alignof
    Feature record: CXX_FEATURE:1cxx_attributes
    Feature record: CXX_FEATURE:1cxx_attribute_deprecated
    Feature record: CXX_FEATURE:1cxx_auto_type
    Feature record: CXX_FEATURE:1cxx_binary_literals
    Feature record: CXX_FEATURE:1cxx_constexpr
    Feature record: CXX_FEATURE:1cxx_contextual_conversions
    Feature record: CXX_FEATURE:1cxx_decltype
    Feature record: CXX_FEATURE:1cxx_decltype_auto
    Feature record: CXX_FEATURE:1cxx_decltype_incomplete_return_types
    Feature record: CXX_FEATURE:1cxx_default_function_template_args
    Feature record: CXX_FEATURE:1cxx_defaulted_functions
    Feature record: CXX_FEATURE:1cxx_defaulted_move_initializers
    Feature record: CXX_FEATURE:1cxx_delegating_constructors
    Feature record: CXX_FEATURE:1cxx_deleted_functions
    Feature record: CXX_FEATURE:1cxx_digit_separators
    Feature record: CXX_FEATURE:1cxx_enum_forward_declarations
    Feature record: CXX_FEATURE:1cxx_explicit_conversions
    Feature record: CXX_FEATURE:1cxx_extended_friend_declarations
    Feature record: CXX_FEATURE:1cxx_extern_templates
    Feature record: CXX_FEATURE:1cxx_final
    Feature record: CXX_FEATURE:1cxx_func_identifier
    Feature record: CXX_FEATURE:1cxx_generalized_initializers
    Feature record: CXX_FEATURE:1cxx_generic_lambdas
    Feature record: CXX_FEATURE:1cxx_inheriting_constructors
    Feature record: CXX_FEATURE:1cxx_inline_namespaces
    Feature record: CXX_FEATURE:1cxx_lambdas
    Feature record: CXX_FEATURE:1cxx_lambda_init_captures
    Feature record: CXX_FEATURE:1cxx_local_type_template_args
    Feature record: CXX_FEATURE:1cxx_long_long_type
    Feature record: CXX_FEATURE:1cxx_noexcept
    Feature record: CXX_FEATURE:1cxx_nonstatic_member_init
    Feature record: CXX_FEATURE:1cxx_nullptr
    Feature record: CXX_FEATURE:1cxx_override
    Feature record: CXX_FEATURE:1cxx_range_for
    Feature record: CXX_FEATURE:1cxx_raw_string_literals
    Feature record: CXX_FEATURE:1cxx_reference_qualified_functions
    Feature record: CXX_FEATURE:1cxx_relaxed_constexpr
    Feature record: CXX_FEATURE:1cxx_return_type_deduction
    Feature record: CXX_FEATURE:1cxx_right_angle_brackets
    Feature record: CXX_FEATURE:1cxx_rvalue_references
    Feature record: CXX_FEATURE:1cxx_sizeof_member
    Feature record: CXX_FEATURE:1cxx_static_assert
    Feature record: CXX_FEATURE:1cxx_strong_enums
    Feature record: CXX_FEATURE:1cxx_template_template_parameters
    Feature record: CXX_FEATURE:1cxx_thread_local
    Feature record: CXX_FEATURE:1cxx_trailing_return_types
    Feature record: CXX_FEATURE:1cxx_unicode_literals
    Feature record: CXX_FEATURE:1cxx_uniform_initialization
    Feature record: CXX_FEATURE:1cxx_unrestricted_unions
    Feature record: CXX_FEATURE:1cxx_user_literals
    Feature record: CXX_FEATURE:1cxx_variable_templates
    Feature record: CXX_FEATURE:1cxx_variadic_macros
    Feature record: CXX_FEATURE:1cxx_variadic_templates


Detecting CXX [-std=c++11] compiler features compiled with the following output:
Change Dir: /home/zhangfq/Method-II/HydrogenOrbitalViewer/colorPicker/Qt-Color-Widgets/color_widgets_designer_plugin/CMakeFiles/CMakeTmp

Run Build Command(s):/usr/bin/gmake cmTC_a803c/fast 
/usr/bin/gmake -f CMakeFiles/cmTC_a803c.dir/build.make CMakeFiles/cmTC_a803c.dir/build
gmake[1]: Entering directory `/home/zhangfq/Method-II/HydrogenOrbitalViewer/colorPicker/Qt-Color-Widgets/color_widgets_designer_plugin/CMakeFiles/CMakeTmp'
Building CXX object CMakeFiles/cmTC_a803c.dir/feature_tests.cxx.o
/usr/local/bin/c++    -std=c++11 -o CMakeFiles/cmTC_a803c.dir/feature_tests.cxx.o -c /home/zhangfq/Method-II/HydrogenOrbitalViewer/colorPicker/Qt-Color-Widgets/color_widgets_designer_plugin/CMakeFiles/feature_tests.cxx
Linking CXX executable cmTC_a803c
/usr/local/bin/cmake -E cmake_link_script CMakeFiles/cmTC_a803c.dir/link.txt --verbose=1
/usr/local/bin/c++       -rdynamic CMakeFiles/cmTC_a803c.dir/feature_tests.cxx.o  -o cmTC_a803c 
gmake[1]: Leaving directory `/home/zhangfq/Method-II/HydrogenOrbitalViewer/colorPicker/Qt-Color-Widgets/color_widgets_designer_plugin/CMakeFiles/CMakeTmp'


    Feature record: CXX_FEATURE:0cxx_aggregate_default_initializers
    Feature record: CXX_FEATURE:1cxx_alias_templates
    Feature record: CXX_FEATURE:1cxx_alignas
    Feature record: CXX_FEATURE:1cxx_alignof
    Feature record: CXX_FEATURE:1cxx_attributes
    Feature record: CXX_FEATURE:0cxx_attribute_deprecated
    Feature record: CXX_FEATURE:1cxx_auto_type
    Feature record: CXX_FEATURE:0cxx_binary_literals
    Feature record: CXX_FEATURE:1cxx_constexpr
    Feature record: CXX_FEATURE:0cxx_contextual_conversions
    Feature record: CXX_FEATURE:1cxx_decltype
    Feature record: CXX_FEATURE:0cxx_decltype_auto
    Feature record: CXX_FEATURE:1cxx_decltype_incomplete_return_types
    Feature record: CXX_FEATURE:1cxx_default_function_template_args
    Feature record: CXX_FEATURE:1cxx_defaulted_functions
    Feature record: CXX_FEATURE:1cxx_defaulted_move_initializers
    Feature record: CXX_FEATURE:1cxx_delegating_constructors
    Feature record: CXX_FEATURE:1cxx_deleted_functions
    Feature record: CXX_FEATURE:0cxx_digit_separators
    Feature record: CXX_FEATURE:1cxx_enum_forward_declarations
    Feature record: CXX_FEATURE:1cxx_explicit_conversions
    Feature record: CXX_FEATURE:1cxx_extended_friend_declarations
    Feature record: CXX_FEATURE:1cxx_extern_templates
    Feature record: CXX_FEATURE:1cxx_final
    Feature record: CXX_FEATURE:1cxx_func_identifier
    Feature record: CXX_FEATURE:1cxx_generalized_initializers
    Feature record: CXX_FEATURE:0cxx_generic_lambdas
    Feature record: CXX_FEATURE:1cxx_inheriting_constructors
    Feature record: CXX_FEATURE:1cxx_inline_namespaces
    Feature record: CXX_FEATURE:1cxx_lambdas
    Feature record: CXX_FEATURE:0cxx_lambda_init_captures
    Feature record: CXX_FEATURE:1cxx_local_type_template_args
    Feature record: CXX_FEATURE:1cxx_long_long_type
    Feature record: CXX_FEATURE:1cxx_noexcept
    Feature record: CXX_FEATURE:1cxx_nonstatic_member_init
    Feature record: CXX_FEATURE:1cxx_nullptr
    Feature record: CXX_FEATURE:1cxx_override
    Feature record: CXX_FEATURE:1cxx_range_for
    Feature record: CXX_FEATURE:1cxx_raw_string_literals
    Feature record: CXX_FEATURE:1cxx_reference_qualified_functions
    Feature record: CXX_FEATURE:0cxx_relaxed_constexpr
    Feature record: CXX_FEATURE:0cxx_return_type_deduction
    Feature record: CXX_FEATURE:1cxx_right_angle_brackets
    Feature record: CXX_FEATURE:1cxx_rvalue_references
    Feature record: CXX_FEATURE:1cxx_sizeof_member
    Feature record: CXX_FEATURE:1cxx_static_assert
    Feature record: CXX_FEATURE:1cxx_strong_enums
    Feature record: CXX_FEATURE:1cxx_template_template_parameters
    Feature record: CXX_FEATURE:1cxx_thread_local
    Feature record: CXX_FEATURE:1cxx_trailing_return_types
    Feature record: CXX_FEATURE:1cxx_unicode_literals
    Feature record: CXX_FEATURE:1cxx_uniform_initialization
    Feature record: CXX_FEATURE:1cxx_unrestricted_unions
    Feature record: CXX_FEATURE:1cxx_user_literals
    Feature record: CXX_FEATURE:0cxx_variable_templates
    Feature record: CXX_FEATURE:1cxx_variadic_macros
    Feature record: CXX_FEATURE:1cxx_variadic_templates


Detecting CXX [-std=c++98] compiler features compiled with the following output:
Change Dir: /home/zhangfq/Method-II/HydrogenOrbitalViewer/colorPicker/Qt-Color-Widgets/color_widgets_designer_plugin/CMakeFiles/CMakeTmp

Run Build Command(s):/usr/bin/gmake cmTC_42acd/fast 
/usr/bin/gmake -f CMakeFiles/cmTC_42acd.dir/build.make CMakeFiles/cmTC_42acd.dir/build
gmake[1]: Entering directory `/home/zhangfq/Method-II/HydrogenOrbitalViewer/colorPicker/Qt-Color-Widgets/color_widgets_designer_plugin/CMakeFiles/CMakeTmp'
Building CXX object CMakeFiles/cmTC_42acd.dir/feature_tests.cxx.o
/usr/local/bin/c++    -std=c++98 -o CMakeFiles/cmTC_42acd.dir/feature_tests.cxx.o -c /home/zhangfq/Method-II/HydrogenOrbitalViewer/colorPicker/Qt-Color-Widgets/color_widgets_designer_plugin/CMakeFiles/feature_tests.cxx
Linking CXX executable cmTC_42acd
/usr/local/bin/cmake -E cmake_link_script CMakeFiles/cmTC_42acd.dir/link.txt --verbose=1
/usr/local/bin/c++       -rdynamic CMakeFiles/cmTC_42acd.dir/feature_tests.cxx.o  -o cmTC_42acd 
gmake[1]: Leaving directory `/home/zhangfq/Method-II/HydrogenOrbitalViewer/colorPicker/Qt-Color-Widgets/color_widgets_designer_plugin/CMakeFiles/CMakeTmp'


    Feature record: CXX_FEATURE:0cxx_aggregate_default_initializers
    Feature record: CXX_FEATURE:0cxx_alias_templates
    Feature record: CXX_FEATURE:0cxx_alignas
    Feature record: CXX_FEATURE:0cxx_alignof
    Feature record: CXX_FEATURE:0cxx_attributes
    Feature record: CXX_FEATURE:0cxx_attribute_deprecated
    Feature record: CXX_FEATURE:0cxx_auto_type
    Feature record: CXX_FEATURE:0cxx_binary_literals
    Feature record: CXX_FEATURE:0cxx_constexpr
    Feature record: CXX_FEATURE:0cxx_contextual_conversions
    Feature record: CXX_FEATURE:0cxx_decltype
    Feature record: CXX_FEATURE:0cxx_decltype_auto
    Feature record: CXX_FEATURE:0cxx_decltype_incomplete_return_types
    Feature record: CXX_FEATURE:0cxx_default_function_template_args
    Feature record: CXX_FEATURE:0cxx_defaulted_functions
    Feature record: CXX_FEATURE:0cxx_defaulted_move_initializers
    Feature record: CXX_FEATURE:0cxx_delegating_constructors
    Feature record: CXX_FEATURE:0cxx_deleted_functions
    Feature record: CXX_FEATURE:0cxx_digit_separators
    Feature record: CXX_FEATURE:0cxx_enum_forward_declarations
    Feature record: CXX_FEATURE:0cxx_explicit_conversions
    Feature record: CXX_FEATURE:0cxx_extended_friend_declarations
    Feature record: CXX_FEATURE:0cxx_extern_templates
    Feature record: CXX_FEATURE:0cxx_final
    Feature record: CXX_FEATURE:0cxx_func_identifier
    Feature record: CXX_FEATURE:0cxx_generalized_initializers
    Feature record: CXX_FEATURE:0cxx_generic_lambdas
    Feature record: CXX_FEATURE:0cxx_inheriting_constructors
    Feature record: CXX_FEATURE:0cxx_inline_namespaces
    Feature record: CXX_FEATURE:0cxx_lambdas
    Feature record: CXX_FEATURE:0cxx_lambda_init_captures
    Feature record: CXX_FEATURE:0cxx_local_type_template_args
    Feature record: CXX_FEATURE:0cxx_long_long_type
    Feature record: CXX_FEATURE:0cxx_noexcept
    Feature record: CXX_FEATURE:0cxx_nonstatic_member_init
    Feature record: CXX_FEATURE:0cxx_nullptr
    Feature record: CXX_FEATURE:0cxx_override
    Feature record: CXX_FEATURE:0cxx_range_for
    Feature record: CXX_FEATURE:0cxx_raw_string_literals
    Feature record: CXX_FEATURE:0cxx_reference_qualified_functions
    Feature record: CXX_FEATURE:0cxx_relaxed_constexpr
    Feature record: CXX_FEATURE:0cxx_return_type_deduction
    Feature record: CXX_FEATURE:0cxx_right_angle_brackets
    Feature record: CXX_FEATURE:0cxx_rvalue_references
    Feature record: CXX_FEATURE:0cxx_sizeof_member
    Feature record: CXX_FEATURE:0cxx_static_assert
    Feature record: CXX_FEATURE:0cxx_strong_enums
    Feature record: CXX_FEATURE:1cxx_template_template_parameters
    Feature record: CXX_FEATURE:0cxx_thread_local
    Feature record: CXX_FEATURE:0cxx_trailing_return_types
    Feature record: CXX_FEATURE:0cxx_unicode_literals
    Feature record: CXX_FEATURE:0cxx_uniform_initialization
    Feature record: CXX_FEATURE:0cxx_unrestricted_unions
    Feature record: CXX_FEATURE:0cxx_user_literals
    Feature record: CXX_FEATURE:0cxx_variable_templates
    Feature record: CXX_FEATURE:0cxx_variadic_macros
    Feature record: CXX_FEATURE:0cxx_variadic_templates
Performing C++ SOURCE FILE Test Wall_FLAG_SUPPORTED succeeded with the following output:
Change Dir: /home/zhangfq/Method-II/HydrogenOrbitalViewer/colorPicker/Qt-Color-Widgets/color_widgets_designer_plugin/CMakeFiles/CMakeTmp

Run Build Command(s):/usr/bin/gmake cmTC_22f8c/fast 
/usr/bin/gmake -f CMakeFiles/cmTC_22f8c.dir/build.make CMakeFiles/cmTC_22f8c.dir/build
gmake[1]: Entering directory `/home/zhangfq/Method-II/HydrogenOrbitalViewer/colorPicker/Qt-Color-Widgets/color_widgets_designer_plugin/CMakeFiles/CMakeTmp'
Building CXX object CMakeFiles/cmTC_22f8c.dir/src.cxx.o
/usr/local/bin/c++    -DWall_FLAG_SUPPORTED   -Wall -o CMakeFiles/cmTC_22f8c.dir/src.cxx.o -c /home/zhangfq/Method-II/HydrogenOrbitalViewer/colorPicker/Qt-Color-Widgets/color_widgets_designer_plugin/CMakeFiles/CMakeTmp/src.cxx
Linking CXX executable cmTC_22f8c
/usr/local/bin/cmake -E cmake_link_script CMakeFiles/cmTC_22f8c.dir/link.txt --verbose=1
/usr/local/bin/c++   -DWall_FLAG_SUPPORTED    -rdynamic CMakeFiles/cmTC_22f8c.dir/src.cxx.o  -o cmTC_22f8c 
gmake[1]: Leaving directory `/home/zhangfq/Method-II/HydrogenOrbitalViewer/colorPicker/Qt-Color-Widgets/color_widgets_designer_plugin/CMakeFiles/CMakeTmp'

Source file was:
int main() { return 0; }
Performing C++ SOURCE FILE Test pedantic_FLAG_SUPPORTED succeeded with the following output:
Change Dir: /home/zhangfq/Method-II/HydrogenOrbitalViewer/colorPicker/Qt-Color-Widgets/color_widgets_designer_plugin/CMakeFiles/CMakeTmp

Run Build Command(s):/usr/bin/gmake cmTC_d9470/fast 
/usr/bin/gmake -f CMakeFiles/cmTC_d9470.dir/build.make CMakeFiles/cmTC_d9470.dir/build
gmake[1]: Entering directory `/home/zhangfq/Method-II/HydrogenOrbitalViewer/colorPicker/Qt-Color-Widgets/color_widgets_designer_plugin/CMakeFiles/CMakeTmp'
Building CXX object CMakeFiles/cmTC_d9470.dir/src.cxx.o
/usr/local/bin/c++    -Dpedantic_FLAG_SUPPORTED   -pedantic -o CMakeFiles/cmTC_d9470.dir/src.cxx.o -c /home/zhangfq/Method-II/HydrogenOrbitalViewer/colorPicker/Qt-Color-Widgets/color_widgets_designer_plugin/CMakeFiles/CMakeTmp/src.cxx
Linking CXX executable cmTC_d9470
/usr/local/bin/cmake -E cmake_link_script CMakeFiles/cmTC_d9470.dir/link.txt --verbose=1
/usr/local/bin/c++   -Dpedantic_FLAG_SUPPORTED    -rdynamic CMakeFiles/cmTC_d9470.dir/src.cxx.o  -o cmTC_d9470 
gmake[1]: Leaving directory `/home/zhangfq/Method-II/HydrogenOrbitalViewer/colorPicker/Qt-Color-Widgets/color_widgets_designer_plugin/CMakeFiles/CMakeTmp'

Source file was:
int main() { return 0; }
Performing C++ SOURCE FILE Test Wextra_FLAG_SUPPORTED succeeded with the following output:
Change Dir: /home/zhangfq/Method-II/HydrogenOrbitalViewer/colorPicker/Qt-Color-Widgets/color_widgets_designer_plugin/CMakeFiles/CMakeTmp

Run Build Command(s):/usr/bin/gmake cmTC_0a616/fast 
/usr/bin/gmake -f CMakeFiles/cmTC_0a616.dir/build.make CMakeFiles/cmTC_0a616.dir/build
gmake[1]: Entering directory `/home/zhangfq/Method-II/HydrogenOrbitalViewer/colorPicker/Qt-Color-Widgets/color_widgets_designer_plugin/CMakeFiles/CMakeTmp'
Building CXX object CMakeFiles/cmTC_0a616.dir/src.cxx.o
/usr/local/bin/c++    -DWextra_FLAG_SUPPORTED   -Wextra -o CMakeFiles/cmTC_0a616.dir/src.cxx.o -c /home/zhangfq/Method-II/HydrogenOrbitalViewer/colorPicker/Qt-Color-Widgets/color_widgets_designer_plugin/CMakeFiles/CMakeTmp/src.cxx
Linking CXX executable cmTC_0a616
/usr/local/bin/cmake -E cmake_link_script CMakeFiles/cmTC_0a616.dir/link.txt --verbose=1
/usr/local/bin/c++   -DWextra_FLAG_SUPPORTED    -rdynamic CMakeFiles/cmTC_0a616.dir/src.cxx.o  -o cmTC_0a616 
gmake[1]: Leaving directory `/home/zhangfq/Method-II/HydrogenOrbitalViewer/colorPicker/Qt-Color-Widgets/color_widgets_designer_plugin/CMakeFiles/CMakeTmp'

Source file was:
int main() { return 0; }
